2025-11-22 11:29:27.815 [restartedMain] INFO  c.p.a.AuthServiceApplication - Starting AuthServiceApplication using Java 23.0.2 with PID 7664 (/home/andres-narvaez/Documents/7mo_semestre/Software_Development_III/auth-service/auth-service/target/classes started by andres-narvaez in /home/andres-narvaez/Documents/7mo_semestre/Software_Development_III/auth-service/auth-service)
2025-11-22 11:29:27.861 [restartedMain] INFO  c.p.a.AuthServiceApplication - No active profile set, falling back to 1 default profile: "default"
2025-11-22 11:29:28.231 [restartedMain] INFO  o.s.b.d.e.DevToolsPropertyDefaultsPostProcessor - Devtools property defaults active! Set 'spring.devtools.add-properties' to 'false' to disable
2025-11-22 11:29:28.233 [restartedMain] INFO  o.s.b.d.e.DevToolsPropertyDefaultsPostProcessor - For additional web related logging consider setting the 'logging.level.web' property to 'DEBUG'
2025-11-22 11:29:30.032 [restartedMain] INFO  o.s.d.r.c.RepositoryConfigurationDelegate - Bootstrapping Spring Data JPA repositories in DEFAULT mode.
2025-11-22 11:29:30.109 [restartedMain] INFO  o.s.d.r.c.RepositoryConfigurationDelegate - Finished Spring Data repository scanning in 67 ms. Found 5 JPA repository interfaces.
2025-11-22 11:29:30.988 [restartedMain] INFO  o.s.b.w.e.tomcat.TomcatWebServer - Tomcat initialized with port 8080 (http)
2025-11-22 11:29:31.019 [restartedMain] INFO  o.a.catalina.core.StandardService - Starting service [Tomcat]
2025-11-22 11:29:31.020 [restartedMain] INFO  o.a.catalina.core.StandardEngine - Starting Servlet engine: [Apache Tomcat/10.1.34]
2025-11-22 11:29:31.097 [restartedMain] INFO  o.a.c.c.C.[.[localhost].[/api] - Initializing Spring embedded WebApplicationContext
2025-11-22 11:29:31.097 [restartedMain] INFO  o.s.b.w.s.c.ServletWebServerApplicationContext - Root WebApplicationContext: initialization completed in 2860 ms
2025-11-22 11:29:31.350 [restartedMain] INFO  o.h.jpa.internal.util.LogHelper - HHH000204: Processing PersistenceUnitInfo [name: default]
2025-11-22 11:29:31.452 [restartedMain] INFO  org.hibernate.Version - HHH000412: Hibernate ORM core version 6.6.4.Final
2025-11-22 11:29:31.526 [restartedMain] INFO  o.h.c.i.RegionFactoryInitiator - HHH000026: Second-level cache disabled
2025-11-22 11:29:31.959 [restartedMain] INFO  o.s.o.j.p.SpringPersistenceUnitInfo - No LoadTimeWeaver setup: ignoring JPA class transformer
2025-11-22 11:29:32.006 [restartedMain] INFO  com.zaxxer.hikari.HikariDataSource - AuthServiceHikariPool - Starting...
2025-11-22 11:29:34.667 [restartedMain] INFO  com.zaxxer.hikari.pool.HikariPool - AuthServiceHikariPool - Added connection org.postgresql.jdbc.PgConnection@1eff1522
2025-11-22 11:29:34.668 [restartedMain] INFO  com.zaxxer.hikari.HikariDataSource - AuthServiceHikariPool - Start completed.
2025-11-22 11:29:34.895 [restartedMain] WARN  org.hibernate.orm.deprecation - HHH90000025: PostgreSQLDialect does not need to be specified explicitly using 'hibernate.dialect' (remove the property setting and it will be selected by default)
2025-11-22 11:29:35.220 [restartedMain] INFO  o.hibernate.orm.connections.pooling - HHH10001005: Database info:
	Database JDBC URL [Connecting through datasource 'HikariDataSource (AuthServiceHikariPool)']
	Database driver: undefined/unknown
	Database version: 17.6
	Autocommit mode: undefined/unknown
	Isolation level: undefined/unknown
	Minimum pool size: undefined/unknown
	Maximum pool size: undefined/unknown
2025-11-22 11:29:36.814 [restartedMain] INFO  o.h.e.t.j.p.i.JtaPlatformInitiator - HHH000489: No JTA platform available (set 'hibernate.transaction.jta.platform' to enable JTA platform integration)
2025-11-22 11:29:37.569 [restartedMain] INFO  o.s.o.j.LocalContainerEntityManagerFactoryBean - Initialized JPA EntityManagerFactory for persistence unit 'default'
2025-11-22 11:29:38.191 [restartedMain] INFO  o.s.d.j.r.query.QueryEnhancerFactory - Hibernate is in classpath; If applicable, HQL parser will be used.
2025-11-22 11:29:40.076 [restartedMain] WARN  o.s.b.w.s.c.AnnotationConfigServletWebServerApplicationContext - Exception encountered during context initialization - cancelling refresh attempt: org.springframework.beans.factory.UnsatisfiedDependencyException: Error creating bean with name 'authController' defined in file [/home/andres-narvaez/Documents/7mo_semestre/Software_Development_III/auth-service/auth-service/target/classes/co/project/authservice/controller/AuthController.class]: Unsatisfied dependency expressed through constructor parameter 0: Error creating bean with name 'authService' defined in file [/home/andres-narvaez/Documents/7mo_semestre/Software_Development_III/auth-service/auth-service/target/classes/co/project/authservice/service/AuthService.class]: Unsatisfied dependency expressed through constructor parameter 5: No qualifying bean of type 'org.springframework.security.crypto.password.PasswordEncoder' available: expected at least 1 bean which qualifies as autowire candidate. Dependency annotations: {}
2025-11-22 11:29:40.077 [restartedMain] INFO  o.s.o.j.LocalContainerEntityManagerFactoryBean - Closing JPA EntityManagerFactory for persistence unit 'default'
2025-11-22 11:29:40.125 [restartedMain] INFO  com.zaxxer.hikari.HikariDataSource - AuthServiceHikariPool - Shutdown initiated...
2025-11-22 11:29:40.700 [restartedMain] INFO  com.zaxxer.hikari.HikariDataSource - AuthServiceHikariPool - Shutdown completed.
2025-11-22 11:29:40.709 [restartedMain] INFO  o.a.catalina.core.StandardService - Stopping service [Tomcat]
2025-11-22 11:29:40.748 [restartedMain] INFO  o.s.b.a.l.ConditionEvaluationReportLogger - 

Error starting ApplicationContext. To display the condition evaluation report re-run your application with 'debug' enabled.
2025-11-22 11:29:40.861 [restartedMain] ERROR o.s.b.d.LoggingFailureAnalysisReporter - 

***************************
APPLICATION FAILED TO START
***************************

Description:

Parameter 5 of constructor in co.project.authservice.service.AuthService required a bean of type 'org.springframework.security.crypto.password.PasswordEncoder' that could not be found.


Action:

Consider defining a bean of type 'org.springframework.security.crypto.password.PasswordEncoder' in your configuration.

2025-11-22 11:32:29.005 [restartedMain] INFO  c.p.a.AuthServiceApplication - Starting AuthServiceApplication using Java 23.0.2 with PID 7954 (/home/andres-narvaez/Documents/7mo_semestre/Software_Development_III/auth-service/auth-service/target/classes started by andres-narvaez in /home/andres-narvaez/Documents/7mo_semestre/Software_Development_III/auth-service/auth-service)
2025-11-22 11:32:29.008 [restartedMain] INFO  c.p.a.AuthServiceApplication - No active profile set, falling back to 1 default profile: "default"
2025-11-22 11:32:29.104 [restartedMain] INFO  o.s.b.d.e.DevToolsPropertyDefaultsPostProcessor - Devtools property defaults active! Set 'spring.devtools.add-properties' to 'false' to disable
2025-11-22 11:32:29.104 [restartedMain] INFO  o.s.b.d.e.DevToolsPropertyDefaultsPostProcessor - For additional web related logging consider setting the 'logging.level.web' property to 'DEBUG'
2025-11-22 11:32:30.310 [restartedMain] INFO  o.s.d.r.c.RepositoryConfigurationDelegate - Bootstrapping Spring Data JPA repositories in DEFAULT mode.
2025-11-22 11:32:30.387 [restartedMain] INFO  o.s.d.r.c.RepositoryConfigurationDelegate - Finished Spring Data repository scanning in 67 ms. Found 5 JPA repository interfaces.
2025-11-22 11:32:31.137 [restartedMain] INFO  o.s.b.w.e.tomcat.TomcatWebServer - Tomcat initialized with port 8080 (http)
2025-11-22 11:32:31.153 [restartedMain] INFO  o.a.catalina.core.StandardService - Starting service [Tomcat]
2025-11-22 11:32:31.154 [restartedMain] INFO  o.a.catalina.core.StandardEngine - Starting Servlet engine: [Apache Tomcat/10.1.34]
2025-11-22 11:32:31.194 [restartedMain] INFO  o.a.c.c.C.[.[localhost].[/api] - Initializing Spring embedded WebApplicationContext
2025-11-22 11:32:31.195 [restartedMain] INFO  o.s.b.w.s.c.ServletWebServerApplicationContext - Root WebApplicationContext: initialization completed in 2090 ms
2025-11-22 11:32:31.375 [restartedMain] INFO  o.h.jpa.internal.util.LogHelper - HHH000204: Processing PersistenceUnitInfo [name: default]
2025-11-22 11:32:31.446 [restartedMain] INFO  org.hibernate.Version - HHH000412: Hibernate ORM core version 6.6.4.Final
2025-11-22 11:32:31.495 [restartedMain] INFO  o.h.c.i.RegionFactoryInitiator - HHH000026: Second-level cache disabled
2025-11-22 11:32:32.085 [restartedMain] INFO  o.s.o.j.p.SpringPersistenceUnitInfo - No LoadTimeWeaver setup: ignoring JPA class transformer
2025-11-22 11:32:32.172 [restartedMain] INFO  com.zaxxer.hikari.HikariDataSource - AuthServiceHikariPool - Starting...
2025-11-22 11:32:34.206 [restartedMain] INFO  com.zaxxer.hikari.pool.HikariPool - AuthServiceHikariPool - Added connection org.postgresql.jdbc.PgConnection@4c92bb58
2025-11-22 11:32:34.212 [restartedMain] INFO  com.zaxxer.hikari.HikariDataSource - AuthServiceHikariPool - Start completed.
2025-11-22 11:32:34.408 [restartedMain] WARN  org.hibernate.orm.deprecation - HHH90000025: PostgreSQLDialect does not need to be specified explicitly using 'hibernate.dialect' (remove the property setting and it will be selected by default)
2025-11-22 11:32:34.662 [restartedMain] INFO  o.hibernate.orm.connections.pooling - HHH10001005: Database info:
	Database JDBC URL [Connecting through datasource 'HikariDataSource (AuthServiceHikariPool)']
	Database driver: undefined/unknown
	Database version: 17.6
	Autocommit mode: undefined/unknown
	Isolation level: undefined/unknown
	Minimum pool size: undefined/unknown
	Maximum pool size: undefined/unknown
2025-11-22 11:32:35.770 [restartedMain] INFO  o.h.e.t.j.p.i.JtaPlatformInitiator - HHH000489: No JTA platform available (set 'hibernate.transaction.jta.platform' to enable JTA platform integration)
2025-11-22 11:32:36.201 [restartedMain] INFO  o.s.o.j.LocalContainerEntityManagerFactoryBean - Initialized JPA EntityManagerFactory for persistence unit 'default'
2025-11-22 11:32:36.522 [restartedMain] INFO  o.s.d.j.r.query.QueryEnhancerFactory - Hibernate is in classpath; If applicable, HQL parser will be used.
2025-11-22 11:32:37.384 [restartedMain] WARN  o.s.b.w.s.c.AnnotationConfigServletWebServerApplicationContext - Exception encountered during context initialization - cancelling refresh attempt: org.springframework.beans.factory.UnsatisfiedDependencyException: Error creating bean with name 'authController' defined in file [/home/andres-narvaez/Documents/7mo_semestre/Software_Development_III/auth-service/auth-service/target/classes/co/project/authservice/controller/AuthController.class]: Unsatisfied dependency expressed through constructor parameter 0: Error creating bean with name 'authService' defined in file [/home/andres-narvaez/Documents/7mo_semestre/Software_Development_III/auth-service/auth-service/target/classes/co/project/authservice/service/AuthService.class]: Unsatisfied dependency expressed through constructor parameter 5: No qualifying bean of type 'org.springframework.security.crypto.password.PasswordEncoder' available: expected at least 1 bean which qualifies as autowire candidate. Dependency annotations: {}
2025-11-22 11:32:37.385 [restartedMain] INFO  o.s.o.j.LocalContainerEntityManagerFactoryBean - Closing JPA EntityManagerFactory for persistence unit 'default'
2025-11-22 11:32:37.388 [restartedMain] INFO  com.zaxxer.hikari.HikariDataSource - AuthServiceHikariPool - Shutdown initiated...
2025-11-22 11:32:37.808 [restartedMain] INFO  com.zaxxer.hikari.HikariDataSource - AuthServiceHikariPool - Shutdown completed.
2025-11-22 11:32:37.817 [restartedMain] INFO  o.a.catalina.core.StandardService - Stopping service [Tomcat]
2025-11-22 11:32:37.858 [restartedMain] INFO  o.s.b.a.l.ConditionEvaluationReportLogger - 

Error starting ApplicationContext. To display the condition evaluation report re-run your application with 'debug' enabled.
2025-11-22 11:32:37.933 [restartedMain] ERROR o.s.b.d.LoggingFailureAnalysisReporter - 

***************************
APPLICATION FAILED TO START
***************************

Description:

Parameter 5 of constructor in co.project.authservice.service.AuthService required a bean of type 'org.springframework.security.crypto.password.PasswordEncoder' that could not be found.


Action:

Consider defining a bean of type 'org.springframework.security.crypto.password.PasswordEncoder' in your configuration.

2025-11-22 11:33:22.719 [restartedMain] INFO  c.p.a.AuthServiceApplication - Starting AuthServiceApplication using Java 23.0.2 with PID 8142 (/home/andres-narvaez/Documents/7mo_semestre/Software_Development_III/auth-service/auth-service/target/classes started by andres-narvaez in /home/andres-narvaez/Documents/7mo_semestre/Software_Development_III/auth-service/auth-service)
2025-11-22 11:33:22.721 [restartedMain] INFO  c.p.a.AuthServiceApplication - No active profile set, falling back to 1 default profile: "default"
2025-11-22 11:33:22.800 [restartedMain] INFO  o.s.b.d.e.DevToolsPropertyDefaultsPostProcessor - Devtools property defaults active! Set 'spring.devtools.add-properties' to 'false' to disable
2025-11-22 11:33:22.800 [restartedMain] INFO  o.s.b.d.e.DevToolsPropertyDefaultsPostProcessor - For additional web related logging consider setting the 'logging.level.web' property to 'DEBUG'
2025-11-22 11:33:23.469 [restartedMain] INFO  o.s.d.r.c.RepositoryConfigurationDelegate - Bootstrapping Spring Data JPA repositories in DEFAULT mode.
2025-11-22 11:33:23.538 [restartedMain] INFO  o.s.d.r.c.RepositoryConfigurationDelegate - Finished Spring Data repository scanning in 61 ms. Found 5 JPA repository interfaces.
2025-11-22 11:33:24.140 [restartedMain] INFO  o.s.b.w.e.tomcat.TomcatWebServer - Tomcat initialized with port 8080 (http)
2025-11-22 11:33:24.153 [restartedMain] INFO  o.a.catalina.core.StandardService - Starting service [Tomcat]
2025-11-22 11:33:24.153 [restartedMain] INFO  o.a.catalina.core.StandardEngine - Starting Servlet engine: [Apache Tomcat/10.1.34]
2025-11-22 11:33:24.186 [restartedMain] INFO  o.a.c.c.C.[.[localhost].[/api] - Initializing Spring embedded WebApplicationContext
2025-11-22 11:33:24.187 [restartedMain] INFO  o.s.b.w.s.c.ServletWebServerApplicationContext - Root WebApplicationContext: initialization completed in 1386 ms
2025-11-22 11:33:24.334 [restartedMain] INFO  o.h.jpa.internal.util.LogHelper - HHH000204: Processing PersistenceUnitInfo [name: default]
2025-11-22 11:33:24.410 [restartedMain] INFO  org.hibernate.Version - HHH000412: Hibernate ORM core version 6.6.4.Final
2025-11-22 11:33:24.458 [restartedMain] INFO  o.h.c.i.RegionFactoryInitiator - HHH000026: Second-level cache disabled
2025-11-22 11:33:24.673 [restartedMain] INFO  o.s.o.j.p.SpringPersistenceUnitInfo - No LoadTimeWeaver setup: ignoring JPA class transformer
2025-11-22 11:33:24.696 [restartedMain] INFO  com.zaxxer.hikari.HikariDataSource - AuthServiceHikariPool - Starting...
2025-11-22 11:33:26.209 [restartedMain] INFO  com.zaxxer.hikari.pool.HikariPool - AuthServiceHikariPool - Added connection org.postgresql.jdbc.PgConnection@68ce4425
2025-11-22 11:33:26.216 [restartedMain] INFO  com.zaxxer.hikari.HikariDataSource - AuthServiceHikariPool - Start completed.
2025-11-22 11:33:26.453 [restartedMain] WARN  org.hibernate.orm.deprecation - HHH90000025: PostgreSQLDialect does not need to be specified explicitly using 'hibernate.dialect' (remove the property setting and it will be selected by default)
2025-11-22 11:33:26.688 [restartedMain] INFO  o.hibernate.orm.connections.pooling - HHH10001005: Database info:
	Database JDBC URL [Connecting through datasource 'HikariDataSource (AuthServiceHikariPool)']
	Database driver: undefined/unknown
	Database version: 17.6
	Autocommit mode: undefined/unknown
	Isolation level: undefined/unknown
	Minimum pool size: undefined/unknown
	Maximum pool size: undefined/unknown
2025-11-22 11:33:27.629 [restartedMain] INFO  o.h.e.t.j.p.i.JtaPlatformInitiator - HHH000489: No JTA platform available (set 'hibernate.transaction.jta.platform' to enable JTA platform integration)
2025-11-22 11:33:28.161 [restartedMain] INFO  o.s.o.j.LocalContainerEntityManagerFactoryBean - Initialized JPA EntityManagerFactory for persistence unit 'default'
2025-11-22 11:33:28.449 [restartedMain] INFO  o.s.d.j.r.query.QueryEnhancerFactory - Hibernate is in classpath; If applicable, HQL parser will be used.
2025-11-22 11:33:29.254 [restartedMain] WARN  o.s.b.w.s.c.AnnotationConfigServletWebServerApplicationContext - Exception encountered during context initialization - cancelling refresh attempt: org.springframework.beans.factory.UnsatisfiedDependencyException: Error creating bean with name 'authController' defined in file [/home/andres-narvaez/Documents/7mo_semestre/Software_Development_III/auth-service/auth-service/target/classes/co/project/authservice/controller/AuthController.class]: Unsatisfied dependency expressed through constructor parameter 0: Error creating bean with name 'authService' defined in file [/home/andres-narvaez/Documents/7mo_semestre/Software_Development_III/auth-service/auth-service/target/classes/co/project/authservice/service/AuthService.class]: Unsatisfied dependency expressed through constructor parameter 5: No qualifying bean of type 'org.springframework.security.crypto.password.PasswordEncoder' available: expected at least 1 bean which qualifies as autowire candidate. Dependency annotations: {}
2025-11-22 11:33:29.255 [restartedMain] INFO  o.s.o.j.LocalContainerEntityManagerFactoryBean - Closing JPA EntityManagerFactory for persistence unit 'default'
2025-11-22 11:33:29.258 [restartedMain] INFO  com.zaxxer.hikari.HikariDataSource - AuthServiceHikariPool - Shutdown initiated...
2025-11-22 11:33:29.677 [restartedMain] INFO  com.zaxxer.hikari.HikariDataSource - AuthServiceHikariPool - Shutdown completed.
2025-11-22 11:33:29.685 [restartedMain] INFO  o.a.catalina.core.StandardService - Stopping service [Tomcat]
2025-11-22 11:33:29.724 [restartedMain] INFO  o.s.b.a.l.ConditionEvaluationReportLogger - 

Error starting ApplicationContext. To display the condition evaluation report re-run your application with 'debug' enabled.
2025-11-22 11:33:29.796 [restartedMain] ERROR o.s.b.d.LoggingFailureAnalysisReporter - 

***************************
APPLICATION FAILED TO START
***************************

Description:

Parameter 5 of constructor in co.project.authservice.service.AuthService required a bean of type 'org.springframework.security.crypto.password.PasswordEncoder' that could not be found.


Action:

Consider defining a bean of type 'org.springframework.security.crypto.password.PasswordEncoder' in your configuration.

2025-11-22 11:43:24.215 [restartedMain] INFO  c.p.a.AuthServiceApplication - Starting AuthServiceApplication using Java 23.0.2 with PID 8764 (/home/andres-narvaez/Documents/7mo_semestre/Software_Development_III/auth-service/auth-service/target/classes started by andres-narvaez in /home/andres-narvaez/Documents/7mo_semestre/Software_Development_III/auth-service/auth-service)
2025-11-22 11:43:24.218 [restartedMain] INFO  c.p.a.AuthServiceApplication - No active profile set, falling back to 1 default profile: "default"
2025-11-22 11:43:24.280 [restartedMain] INFO  o.s.b.d.e.DevToolsPropertyDefaultsPostProcessor - Devtools property defaults active! Set 'spring.devtools.add-properties' to 'false' to disable
2025-11-22 11:43:24.281 [restartedMain] INFO  o.s.b.d.e.DevToolsPropertyDefaultsPostProcessor - For additional web related logging consider setting the 'logging.level.web' property to 'DEBUG'
2025-11-22 11:43:25.017 [restartedMain] INFO  o.s.d.r.c.RepositoryConfigurationDelegate - Bootstrapping Spring Data JPA repositories in DEFAULT mode.
2025-11-22 11:43:25.082 [restartedMain] INFO  o.s.d.r.c.RepositoryConfigurationDelegate - Finished Spring Data repository scanning in 58 ms. Found 5 JPA repository interfaces.
2025-11-22 11:43:25.643 [restartedMain] INFO  o.s.b.w.e.tomcat.TomcatWebServer - Tomcat initialized with port 8080 (http)
2025-11-22 11:43:25.655 [restartedMain] INFO  o.a.catalina.core.StandardService - Starting service [Tomcat]
2025-11-22 11:43:25.656 [restartedMain] INFO  o.a.catalina.core.StandardEngine - Starting Servlet engine: [Apache Tomcat/10.1.34]
2025-11-22 11:43:25.693 [restartedMain] INFO  o.a.c.c.C.[.[localhost].[/api] - Initializing Spring embedded WebApplicationContext
2025-11-22 11:43:25.693 [restartedMain] INFO  o.s.b.w.s.c.ServletWebServerApplicationContext - Root WebApplicationContext: initialization completed in 1412 ms
2025-11-22 11:43:25.833 [restartedMain] INFO  o.h.jpa.internal.util.LogHelper - HHH000204: Processing PersistenceUnitInfo [name: default]
2025-11-22 11:43:25.893 [restartedMain] INFO  org.hibernate.Version - HHH000412: Hibernate ORM core version 6.6.4.Final
2025-11-22 11:43:25.950 [restartedMain] INFO  o.h.c.i.RegionFactoryInitiator - HHH000026: Second-level cache disabled
2025-11-22 11:43:26.306 [restartedMain] INFO  o.s.o.j.p.SpringPersistenceUnitInfo - No LoadTimeWeaver setup: ignoring JPA class transformer
2025-11-22 11:43:26.332 [restartedMain] INFO  com.zaxxer.hikari.HikariDataSource - AuthServiceHikariPool - Starting...
2025-11-22 11:43:28.254 [restartedMain] INFO  com.zaxxer.hikari.pool.HikariPool - AuthServiceHikariPool - Added connection org.postgresql.jdbc.PgConnection@772d3f4f
2025-11-22 11:43:28.261 [restartedMain] INFO  com.zaxxer.hikari.HikariDataSource - AuthServiceHikariPool - Start completed.
2025-11-22 11:43:28.508 [restartedMain] WARN  org.hibernate.orm.deprecation - HHH90000025: PostgreSQLDialect does not need to be specified explicitly using 'hibernate.dialect' (remove the property setting and it will be selected by default)
2025-11-22 11:43:28.793 [restartedMain] INFO  o.hibernate.orm.connections.pooling - HHH10001005: Database info:
	Database JDBC URL [Connecting through datasource 'HikariDataSource (AuthServiceHikariPool)']
	Database driver: undefined/unknown
	Database version: 17.6
	Autocommit mode: undefined/unknown
	Isolation level: undefined/unknown
	Minimum pool size: undefined/unknown
	Maximum pool size: undefined/unknown
2025-11-22 11:43:29.731 [restartedMain] INFO  o.h.e.t.j.p.i.JtaPlatformInitiator - HHH000489: No JTA platform available (set 'hibernate.transaction.jta.platform' to enable JTA platform integration)
2025-11-22 11:43:30.402 [restartedMain] INFO  o.s.o.j.LocalContainerEntityManagerFactoryBean - Initialized JPA EntityManagerFactory for persistence unit 'default'
2025-11-22 11:43:30.691 [restartedMain] INFO  o.s.d.j.r.query.QueryEnhancerFactory - Hibernate is in classpath; If applicable, HQL parser will be used.
2025-11-22 11:43:31.600 [restartedMain] INFO  o.s.s.c.a.a.c.InitializeAuthenticationProviderBeanManagerConfigurer$InitializeAuthenticationProviderManagerConfigurer - Global AuthenticationManager configured with AuthenticationProvider bean with name authenticationProvider
2025-11-22 11:43:31.600 [restartedMain] WARN  o.s.s.c.a.a.c.InitializeUserDetailsBeanManagerConfigurer$InitializeUserDetailsManagerConfigurer - Global AuthenticationManager configured with an AuthenticationProvider bean. UserDetailsService beans will not be used by Spring Security for automatically configuring username/password login. Consider removing the AuthenticationProvider bean. Alternatively, consider using the UserDetailsService in a manually instantiated DaoAuthenticationProvider. If the current configuration is intentional, to turn off this warning, increase the logging level of 'org.springframework.security.config.annotation.authentication.configuration.InitializeUserDetailsBeanManagerConfigurer' to ERROR
2025-11-22 11:43:32.130 [restartedMain] DEBUG o.s.s.web.DefaultSecurityFilterChain - Will secure any request with filters: DisableEncodeUrlFilter, WebAsyncManagerIntegrationFilter, SecurityContextHolderFilter, HeaderWriterFilter, CorsFilter, CorsFilter, LogoutFilter, OAuth2AuthorizationRequestRedirectFilter, OAuth2LoginAuthenticationFilter, JwtAuthenticationFilter, DefaultResourcesFilter, DefaultLoginPageGeneratingFilter, DefaultLogoutPageGeneratingFilter, RequestCacheAwareFilter, SecurityContextHolderAwareRequestFilter, AnonymousAuthenticationFilter, SessionManagementFilter, ExceptionTranslationFilter, AuthorizationFilter
2025-11-22 11:43:32.413 [restartedMain] INFO  o.s.b.d.a.OptionalLiveReloadServer - LiveReload server is running on port 35729
2025-11-22 11:43:32.445 [restartedMain] INFO  o.s.b.w.e.tomcat.TomcatWebServer - Tomcat started on port 8080 (http) with context path '/api'
2025-11-22 11:43:32.453 [restartedMain] INFO  c.p.a.AuthServiceApplication - Started AuthServiceApplication in 8.72 seconds (process running for 9.564)
2025-11-22 11:48:36.229 [http-nio-8080-exec-8] INFO  o.a.c.c.C.[.[localhost].[/api] - Initializing Spring DispatcherServlet 'dispatcherServlet'
2025-11-22 11:48:36.230 [http-nio-8080-exec-8] INFO  o.s.web.servlet.DispatcherServlet - Initializing Servlet 'dispatcherServlet'
2025-11-22 11:48:36.233 [http-nio-8080-exec-8] INFO  o.s.web.servlet.DispatcherServlet - Completed initialization in 2 ms
2025-11-22 11:48:36.254 [http-nio-8080-exec-8] DEBUG o.s.security.web.FilterChainProxy - Securing GET /auth/health
2025-11-22 11:48:36.266 [http-nio-8080-exec-8] DEBUG o.s.s.w.a.AnonymousAuthenticationFilter - Set SecurityContextHolder to anonymous SecurityContext
2025-11-22 11:48:36.267 [http-nio-8080-exec-8] DEBUG o.s.security.web.FilterChainProxy - Secured GET /auth/health
2025-11-22 11:48:56.883 [SpringApplicationShutdownHook] INFO  o.s.b.w.e.tomcat.GracefulShutdown - Commencing graceful shutdown. Waiting for active requests to complete
2025-11-22 11:48:56.891 [tomcat-shutdown] INFO  o.s.b.w.e.tomcat.GracefulShutdown - Graceful shutdown complete
2025-11-22 11:48:56.912 [SpringApplicationShutdownHook] INFO  o.s.o.j.LocalContainerEntityManagerFactoryBean - Closing JPA EntityManagerFactory for persistence unit 'default'
2025-11-22 11:48:56.926 [SpringApplicationShutdownHook] INFO  com.zaxxer.hikari.HikariDataSource - AuthServiceHikariPool - Shutdown initiated...
2025-11-22 11:48:57.717 [SpringApplicationShutdownHook] INFO  com.zaxxer.hikari.HikariDataSource - AuthServiceHikariPool - Shutdown completed.
